#
# A fatal error has been detected by the Java Runtime Environment:
#
#  EXCEPTION_ACCESS_VIOLATION (0xc0000005) at pc=0x00007ffbc1fe04d0, pid=15688, tid=10976
#
# JRE version: Java(TM) SE Runtime Environment (20.0.2+9) (build 20.0.2+9-78)
# Java VM: Java HotSpot(TM) 64-Bit Server VM (20.0.2+9-78, mixed mode, sharing, tiered, compressed oops, compressed class ptrs, g1 gc, windows-amd64)
# Problematic frame:
# V  [jvm.dll+0x3c04d0]
#
# No core dump will be written. Minidumps are not enabled by default on client versions of Windows
#
# If you would like to submit a bug report, please visit:
#   https://bugreport.java.com/bugreport/crash.jsp
#

---------------  S U M M A R Y ------------

Command Line: -Dclassworlds.conf=C:\Program Files\Java\apache-maven-3.9.4\bin\m2.conf -Dmaven.home=C:\Program Files\Java\apache-maven-3.9.4 -Dlibrary.jansi.path=C:\Program Files\Java\apache-maven-3.9.4\lib\jansi-native -Dmaven.multiModuleProjectDirectory=C:\Users\juanm\Documents\TFG\jbpm-workitems-rest org.codehaus.plexus.classworlds.launcher.Launcher clean package

Host: Intel(R) Core(TM) i5-8600K CPU @ 3.60GHz, 6 cores, 15G,  Windows 11 , 64 bit Build 22621 (10.0.22621.2070)
Time: Sun Aug 27 12:21:59 2023 Hora de verano romance elapsed time: 3.418683 seconds (0d 0h 0m 3s)

---------------  T H R E A D  ---------------

Current thread (0x000002367f544020):  JavaThread "C2 CompilerThread0" daemon [_thread_in_native, id=10976, stack(0x0000004e3dd00000,0x0000004e3de00000)]


Current CompileTask:
C2:   3418 5542   !   4       java.nio.file.FileTreeWalker::next (144 bytes)

Stack: [0x0000004e3dd00000,0x0000004e3de00000],  sp=0x0000004e3ddfbb10,  free space=1006k
Native frames: (J=compiled Java code, j=interpreted, Vv=VM code, C=native code)
V  [jvm.dll+0x3c04d0]
V  [jvm.dll+0x5c3b12]
V  [jvm.dll+0x5c432b]
V  [jvm.dll+0x1e711f]
V  [jvm.dll+0x24b67b]
V  [jvm.dll+0x24a921]
V  [jvm.dll+0x1ce761]
V  [jvm.dll+0x25a0eb]
V  [jvm.dll+0x2587c0]
V  [jvm.dll+0x3f2dd5]
V  [jvm.dll+0x7f5c76]
V  [jvm.dll+0x6baecb]
C  [ucrtbase.dll+0x29363]
C  [KERNEL32.DLL+0x126ad]
C  [ntdll.dll+0x5aa68]


siginfo: EXCEPTION_ACCESS_VIOLATION (0xc0000005), reading address 0x00007efbc27d2260


Registers:
RAX=0x0000000000000000, RBX=0x0000000000000004, RCX=0x0000000000000000, RDX=0x00007efbc27d2260
RSP=0x0000004e3ddfbb10, RBP=0x00007ffbc27d2260, RSI=0x0000023647a54e18, RDI=0x0000004e3ddfbb68
R8 =0x0000023648c58de0, R9 =0x0000000000000004, R10=0x0000023647d2d238, R11=0x0000000000000153
R12=0x0000000000000000, R13=0x0000023648c07310, R14=0x0000000000000000, R15=0x000002364710b2a0
RIP=0x00007ffbc1fe04d0, EFLAGS=0x0000000000010246


Register to memory mapping:

RIP=0x00007ffbc1fe04d0 jvm.dll
RAX=0x0 is NULL
RBX=0x0000000000000004 is an unknown value
RCX=0x0 is NULL
RDX=0x00007efbc27d2260 is an unknown value
RSP=0x0000004e3ddfbb10 is pointing into the stack for thread: 0x000002367f544020
RBP=0x00007ffbc27d2260 jvm.dll
RSI=0x0000023647a54e18 points into unknown readable memory: 0x0000000100000002 | 02 00 00 00 01 00 00 00
RDI=0x0000004e3ddfbb68 is pointing into the stack for thread: 0x000002367f544020
R8 =0x0000023648c58de0 points into unknown readable memory: 0x000000000000000c | 0c 00 00 00 00 00 00 00
R9 =0x0000000000000004 is an unknown value
R10=0x0000023647d2d238 points into unknown readable memory: 0x0000000000000000 | 00 00 00 00 00 00 00 00
R11=0x0000000000000153 is an unknown value
R12=0x0 is NULL
R13=0x0000023648c07310 points into unknown readable memory: 0x0000000000000000 | 00 00 00 00 00 00 00 00
R14=0x0 is NULL
R15=0x000002364710b2a0 points into unknown readable memory: 0x0000000100000002 | 02 00 00 00 01 00 00 00


Top of Stack: (sp=0x0000004e3ddfbb10)
0x0000004e3ddfbb10:   0000023647a54e18 00007ffbc27d2260
0x0000004e3ddfbb20:   0000023647d29968 00007ffbc1ce2a36
0x0000004e3ddfbb30:   0000000000000000 00007ffbc21e3b12
0x0000004e3ddfbb40:   0000000000000003 0000000000000008
0x0000004e3ddfbb50:   0000023647a54e18 00007ffbc1fe05e1
0x0000004e3ddfbb60:   0000000000000000 0000000000000000
0x0000004e3ddfbb70:   0000000100000003 0000002600000001
0x0000004e3ddfbb80:   00007efbc27d2260 0000023647d27d18
0x0000004e3ddfbb90:   0000023647a545b8 0000000000000000
0x0000004e3ddfbba0:   000000000000253e 0000023648c073b0
0x0000004e3ddfbbb0:   0000000000000001 0000023647714dc0
0x0000004e3ddfbbc0:   000000000000001c 0000023647a545b8
0x0000004e3ddfbbd0:   0000000000000008 0000023647715090
0x0000004e3ddfbbe0:   0000004e3ddfbe00 00007ffbc21e432b
0x0000004e3ddfbbf0:   0000004e3ddfbe00 0000023647715090
0x0000004e3ddfbc00:   0000023648c07310 0000004e3ddfbc50
0x0000004e3ddfbc10:   000002367f543638 0000023647a545b8
0x0000004e3ddfbc20:   0000000000000008 000002367f53fda0
0x0000004e3ddfbc30:   000002367f720a50 00000000002779a8
0x0000004e3ddfbc40:   000002367f720dc0 000002367f728a38
0x0000004e3ddfbc50:   0000023600000020 0000023648c36458
0x0000004e3ddfbc60:   0000000000000020 000002367f53fda0
0x0000004e3ddfbc70:   0000000000200b40 000002367f6d0c60
0x0000004e3ddfbc80:   0000004e3ddfc220 0000000000000001
0x0000004e3ddfbc90:   000002367f6d0c70 0000000000000000
0x0000004e3ddfbca0:   000002367f6d1048 0000004e3ddfbdc0
0x0000004e3ddfbcb0:   0000004e3ddfc140 00007ffbc1e0711f
0x0000004e3ddfbcc0:   0000004e00000436 0000004e0000001c
0x0000004e3ddfbcd0:   0000023647714dc0 000002367f543678
0x0000004e3ddfbce0:   0000000000000000 0000000000000010
0x0000004e3ddfbcf0:   000002367f512107 000002367f6d0c60
0x0000004e3ddfbd00:   0000023648c55fa0 0000023648c592b0 

Instructions: (pc=0x00007ffbc1fe04d0)
0x00007ffbc1fe03d0:   48 8b 8e c8 08 00 00 48 85 c9 75 0c e8 af 0a 00
0x00007ffbc1fe03e0:   00 48 8b 8e c8 08 00 00 48 8b 01 0f 57 c0 48 89
0x00007ffbc1fe03f0:   86 c8 08 00 00 0f 11 01 0f 11 41 10 0f 10 45 00
0x00007ffbc1fe0400:   0f 11 01 0f 10 4d 10 0f 11 49 10 48 8b 43 08 49
0x00007ffbc1fe0410:   89 0c 06 48 8d 0d 46 1e 7f 00 ff c7 ba 68 00 00
0x00007ffbc1fe0420:   00 3b bb 90 00 00 00 0f 82 63 ff ff ff 4c 8b 74
0x00007ffbc1fe0430:   24 60 4c 8b 64 24 58 48 8b 6c 24 50 48 8b c3 48
0x00007ffbc1fe0440:   83 c4 20 41 5f 41 5d 5f 5e 5b c3 cc cc cc cc cc
0x00007ffbc1fe0450:   48 89 74 24 18 57 48 83 ec 20 8b 51 0c 48 8b f9
0x00007ffbc1fe0460:   83 fa 04 73 29 48 8b 49 18 0f 1f 80 00 00 00 00
0x00007ffbc1fe0470:   8b c2 44 8d 4a 01 48 83 3c c1 00 4c 8d 14 c1 0f
0x00007ffbc1fe0480:   85 91 00 00 00 41 8b d1 41 83 f9 04 72 e2 48 89
0x00007ffbc1fe0490:   5c 24 30 8b 5f 10 48 89 6c 24 38 3b 5f 14 73 5f
0x00007ffbc1fe04a0:   48 8d 2d b9 1d 7f 00 66 0f 1f 84 00 00 00 00 00
0x00007ffbc1fe04b0:   48 8b 47 20 8b cb 48 8b 14 c8 48 3b d5 74 39 33
0x00007ffbc1fe04c0:   c0 48 89 57 18 33 c9 66 0f 1f 84 00 00 00 00 00
0x00007ffbc1fe04d0:   48 83 3c 11 00 44 8d 48 01 75 78 48 83 c1 08 41
0x00007ffbc1fe04e0:   8b c1 41 83 f9 04 72 e8 48 8b 4f 28 48 85 c9 74
0x00007ffbc1fe04f0:   07 8b d3 e8 58 01 00 00 ff c3 3b 5f 14 72 b1 33
0x00007ffbc1fe0500:   c0 48 8b 5c 24 30 48 8b 6c 24 38 48 8b 74 24 40
0x00007ffbc1fe0510:   48 83 c4 20 5f c3 8b 47 10 48 8b 74 24 40 44 8d
0x00007ffbc1fe0520:   04 82 41 c1 e0 06 41 81 c0 00 ff ff ff 44 89 47
0x00007ffbc1fe0530:   08 49 8b 12 48 0f bc c2 44 89 4f 0c 8b c8 48 d3
0x00007ffbc1fe0540:   ea 48 ff ca 41 03 c0 48 89 17 89 47 08 48 83 c4
0x00007ffbc1fe0550:   20 5f c3 8b c8 44 8d 04 98 41 c1 e0 06 8d 43 01
0x00007ffbc1fe0560:   44 89 47 08 48 8b 14 ca 89 47 10 48 0f bc c2 44
0x00007ffbc1fe0570:   89 4f 0c 8b c8 48 d3 ea 48 ff ca 41 03 c0 48 89
0x00007ffbc1fe0580:   17 89 47 08 e9 78 ff ff ff cc cc cc cc cc cc cc
0x00007ffbc1fe0590:   40 53 48 83 ec 20 65 48 8b 04 25 58 00 00 00 8b
0x00007ffbc1fe05a0:   0d a3 49 83 00 48 8b 1c c8 b8 68 00 00 00 80 3c
0x00007ffbc1fe05b0:   18 00 75 05 e8 67 68 4e 00 b8 28 00 00 00 48 8b
0x00007ffbc1fe05c0:   04 18 48 8b 88 48 05 00 00 48 8b 99 80 00 00 00 


Stack slot to memory mapping:
stack at sp + 0 slots: 0x0000023647a54e18 points into unknown readable memory: 0x0000000100000002 | 02 00 00 00 01 00 00 00
stack at sp + 1 slots: 0x00007ffbc27d2260 jvm.dll
stack at sp + 2 slots: 0x0000023647d29968 points into unknown readable memory: 0x0000002200000015 | 15 00 00 00 22 00 00 00
stack at sp + 3 slots: 0x00007ffbc1ce2a36 jvm.dll
stack at sp + 4 slots: 0x0 is NULL
stack at sp + 5 slots: 0x00007ffbc21e3b12 jvm.dll
stack at sp + 6 slots: 0x0000000000000003 is an unknown value
stack at sp + 7 slots: 0x0000000000000008 is an unknown value


---------------  P R O C E S S  ---------------

Threads class SMR info:
_java_thread_list=0x0000023645118900, length=12, elements={
0x000002365e23e5d0, 0x000002367f534e20, 0x000002367f535960, 0x000002367f538f90,
0x000002367f53eb30, 0x000002367f540c20, 0x000002367f541700, 0x000002367f544020,
0x000002367f565550, 0x000002367f7d1360, 0x000002367f7f25e0, 0x0000023645598b50
}

Java Threads: ( => current thread )
  0x000002365e23e5d0 JavaThread "main" [_thread_in_native, id=5924, stack(0x0000004e3d000000,0x0000004e3d100000)]
  0x000002367f534e20 JavaThread "Reference Handler" daemon [_thread_blocked, id=5424, stack(0x0000004e3d700000,0x0000004e3d800000)]
  0x000002367f535960 JavaThread "Finalizer" daemon [_thread_blocked, id=10076, stack(0x0000004e3d800000,0x0000004e3d900000)]
  0x000002367f538f90 JavaThread "Signal Dispatcher" daemon [_thread_blocked, id=13964, stack(0x0000004e3d900000,0x0000004e3da00000)]
  0x000002367f53eb30 JavaThread "Attach Listener" daemon [_thread_blocked, id=17772, stack(0x0000004e3da00000,0x0000004e3db00000)]
  0x000002367f540c20 JavaThread "Service Thread" daemon [_thread_blocked, id=8664, stack(0x0000004e3db00000,0x0000004e3dc00000)]
  0x000002367f541700 JavaThread "Monitor Deflation Thread" daemon [_thread_blocked, id=9652, stack(0x0000004e3dc00000,0x0000004e3dd00000)]
=>0x000002367f544020 JavaThread "C2 CompilerThread0" daemon [_thread_in_native, id=10976, stack(0x0000004e3dd00000,0x0000004e3de00000)]
  0x000002367f565550 JavaThread "C1 CompilerThread0" daemon [_thread_blocked, id=18492, stack(0x0000004e3de00000,0x0000004e3df00000)]
  0x000002367f7d1360 JavaThread "Notification Thread" daemon [_thread_blocked, id=11532, stack(0x0000004e3df00000,0x0000004e3e000000)]
  0x000002367f7f25e0 JavaThread "Common-Cleaner" daemon [_thread_blocked, id=9564, stack(0x0000004e3e100000,0x0000004e3e200000)]
  0x0000023645598b50 JavaThread "C2 CompilerThread1" daemon [_thread_in_native, id=3784, stack(0x0000004e3e200000,0x0000004e3e300000)]

Other Threads:
  0x000002367f519be0 VMThread "VM Thread" [stack: 0x0000004e3d600000,0x0000004e3d700000] [id=12560]
  0x000002367f7d6e90 WatcherThread "VM Periodic Task Thread" [stack: 0x0000004e3e000000,0x0000004e3e100000] [id=16072]
  0x00000236603bd920 WorkerThread "GC Thread#0" [stack: 0x0000004e3d100000,0x0000004e3d200000] [id=13472]
  0x00000236457bb3d0 WorkerThread "GC Thread#1" [stack: 0x0000004e3e300000,0x0000004e3e400000] [id=12024]
  0x00000236457a3ed0 WorkerThread "GC Thread#2" [stack: 0x0000004e3e400000,0x0000004e3e500000] [id=8336]
  0x0000023645780a10 WorkerThread "GC Thread#3" [stack: 0x0000004e3e500000,0x0000004e3e600000] [id=14496]
  0x00000236457810e0 WorkerThread "GC Thread#4" [stack: 0x0000004e3e600000,0x0000004e3e700000] [id=19408]
  0x00000236457813b0 WorkerThread "GC Thread#5" [stack: 0x0000004e3e700000,0x0000004e3e800000] [id=3028]
  0x00000236603ce7b0 ConcurrentGCThread "G1 Main Marker" [stack: 0x0000004e3d200000,0x0000004e3d300000] [id=15280]
  0x00000236603cf4e0 WorkerThread "G1 Conc#0" [stack: 0x0000004e3d300000,0x0000004e3d400000] [id=16792]
  0x0000023645d7d6e0 WorkerThread "G1 Conc#1" [stack: 0x0000004e3e800000,0x0000004e3e900000] [id=7988]
  0x000002367f3cb120 ConcurrentGCThread "G1 Refine#0" [stack: 0x0000004e3d400000,0x0000004e3d500000] [id=12492]
  0x000002367f3cb9d0 ConcurrentGCThread "G1 Service" [stack: 0x0000004e3d500000,0x0000004e3d600000] [id=10904]

Threads with active compile tasks:
C2 CompilerThread0     3468 5542   !   4       java.nio.file.FileTreeWalker::next (144 bytes)
C2 CompilerThread1     3468 5551   !   4       java.nio.file.FileTreeWalker::visit (204 bytes)

VM state: not at safepoint (normal execution)

VM Mutex/Monitor currently owned by a thread: None

Heap address: 0x0000000700800000, size: 4088 MB, Compressed Oops mode: Zero based, Oop shift amount: 3

CDS archive(s) mapped at: [0x0000023600000000-0x0000023600c60000-0x0000023600c60000), size 12976128, SharedBaseAddress: 0x0000023600000000, ArchiveRelocationMode: 1.
Compressed class space mapped at: 0x0000023601000000-0x0000023641000000, reserved size: 1073741824
Narrow klass base: 0x0000023600000000, Narrow klass shift: 0, Narrow klass range: 0x100000000

GC Precious Log:
 CardTable entry size: 512
 Card Set container configuration: InlinePtr #cards 4 size 8 Array Of Cards #cards 16 size 48 Howl #buckets 8 coarsen threshold 3686 Howl Bitmap #cards 512 size 80 coarsen threshold 460 Card regions per heap region 1 cards per card region 4096
 CPUs: 6 total, 6 available
 Memory: 16347M
 Large Page Support: Disabled
 NUMA Support: Disabled
 Compressed Oops: Enabled (Zero based)
 Heap Region Size: 2M
 Heap Min Capacity: 8M
 Heap Initial Capacity: 256M
 Heap Max Capacity: 4088M
 Pre-touch: Disabled
 Parallel Workers: 6
 Concurrent Workers: 2
 Concurrent Refinement Workers: 6
 Periodic GC: Disabled

Heap:
 garbage-first heap   total 172032K, used 96733K [0x0000000700800000, 0x0000000800000000)
  region size 2048K, 28 young (57344K), 3 survivors (6144K)
 Metaspace       used 26797K, committed 27136K, reserved 1114112K
  class space    used 3026K, committed 3200K, reserved 1048576K

Heap Regions: E=young(eden), S=young(survivor), O=old, HS=humongous(starts), HC=humongous(continues), CS=collection set, F=free, OA=open archive, CA=closed archive, TAMS=top-at-mark-start, PB=parsable bottom
|   0|0x0000000700800000, 0x0000000700a00000, 0x0000000700a00000|100%| O|  |TAMS 0x0000000700800000| PB 0x0000000700800000| Untracked 
|   1|0x0000000700a00000, 0x0000000700c00000, 0x0000000700c00000|100%| O|  |TAMS 0x0000000700a00000| PB 0x0000000700a00000| Untracked 
|   2|0x0000000700c00000, 0x0000000700e00000, 0x0000000700e00000|100%| O|  |TAMS 0x0000000700c00000| PB 0x0000000700c00000| Untracked 
|   3|0x0000000700e00000, 0x0000000701000000, 0x0000000701000000|100%| O|  |TAMS 0x0000000700e00000| PB 0x0000000700e00000| Untracked 
|   4|0x0000000701000000, 0x0000000701200000, 0x0000000701200000|100%| O|  |TAMS 0x0000000701000000| PB 0x0000000701000000| Untracked 
|   5|0x0000000701200000, 0x0000000701400000, 0x0000000701400000|100%| O|  |TAMS 0x0000000701200000| PB 0x0000000701200000| Untracked 
|   6|0x0000000701400000, 0x0000000701600000, 0x0000000701600000|100%| O|  |TAMS 0x0000000701400000| PB 0x0000000701400000| Untracked 
|   7|0x0000000701600000, 0x0000000701800000, 0x0000000701800000|100%| O|  |TAMS 0x0000000701600000| PB 0x0000000701600000| Untracked 
|   8|0x0000000701800000, 0x0000000701a00000, 0x0000000701a00000|100%| O|  |TAMS 0x0000000701800000| PB 0x0000000701800000| Untracked 
|   9|0x0000000701a00000, 0x0000000701c00000, 0x0000000701c00000|100%| O|  |TAMS 0x0000000701a00000| PB 0x0000000701a00000| Untracked 
|  10|0x0000000701c00000, 0x0000000701e00000, 0x0000000701e00000|100%| O|  |TAMS 0x0000000701c00000| PB 0x0000000701c00000| Untracked 
|  11|0x0000000701e00000, 0x0000000702000000, 0x0000000702000000|100%| O|  |TAMS 0x0000000701e00000| PB 0x0000000701e00000| Untracked 
|  12|0x0000000702000000, 0x0000000702200000, 0x0000000702200000|100%| O|  |TAMS 0x0000000702000000| PB 0x0000000702000000| Untracked 
|  13|0x0000000702200000, 0x0000000702400000, 0x0000000702400000|100%| O|  |TAMS 0x0000000702200000| PB 0x0000000702200000| Complete 
|  14|0x0000000702400000, 0x0000000702600000, 0x0000000702600000|100%| O|  |TAMS 0x0000000702400000| PB 0x0000000702400000| Untracked 
|  15|0x0000000702600000, 0x0000000702800000, 0x0000000702800000|100%| O|  |TAMS 0x0000000702600000| PB 0x0000000702600000| Untracked 
|  16|0x0000000702800000, 0x0000000702a00000, 0x0000000702a00000|100%| O|  |TAMS 0x0000000702800000| PB 0x0000000702800000| Untracked 
|  17|0x0000000702a00000, 0x0000000702c00000, 0x0000000702c00000|100%| O|  |TAMS 0x0000000702a00000| PB 0x0000000702a00000| Untracked 
|  18|0x0000000702c00000, 0x0000000702e00000, 0x0000000702e00000|100%| O|  |TAMS 0x0000000702c00000| PB 0x0000000702c00000| Untracked 
|  19|0x0000000702e00000, 0x0000000703000000, 0x0000000703000000|100%| O|  |TAMS 0x0000000702e00000| PB 0x0000000702e00000| Untracked 
|  20|0x0000000703000000, 0x0000000703200000, 0x0000000703200000|100%| O|  |TAMS 0x0000000703000000| PB 0x0000000703000000| Untracked 
|  21|0x0000000703200000, 0x0000000703200000, 0x0000000703400000|  0%| F|  |TAMS 0x0000000703200000| PB 0x0000000703200000| Untracked 
|  22|0x0000000703400000, 0x0000000703400000, 0x0000000703600000|  0%| F|  |TAMS 0x0000000703400000| PB 0x0000000703400000| Untracked 
|  23|0x0000000703600000, 0x0000000703600000, 0x0000000703800000|  0%| F|  |TAMS 0x0000000703600000| PB 0x0000000703600000| Untracked 
|  24|0x0000000703800000, 0x0000000703800000, 0x0000000703a00000|  0%| F|  |TAMS 0x0000000703800000| PB 0x0000000703800000| Untracked 
|  25|0x0000000703a00000, 0x0000000703a00000, 0x0000000703c00000|  0%| F|  |TAMS 0x0000000703a00000| PB 0x0000000703a00000| Untracked 
|  26|0x0000000703c00000, 0x0000000703c00000, 0x0000000703e00000|  0%| F|  |TAMS 0x0000000703c00000| PB 0x0000000703c00000| Untracked 
|  27|0x0000000703e00000, 0x0000000703e00000, 0x0000000704000000|  0%| F|  |TAMS 0x0000000703e00000| PB 0x0000000703e00000| Untracked 
|  28|0x0000000704000000, 0x0000000704000000, 0x0000000704200000|  0%| F|  |TAMS 0x0000000704000000| PB 0x0000000704000000| Untracked 
|  29|0x0000000704200000, 0x0000000704200000, 0x0000000704400000|  0%| F|  |TAMS 0x0000000704200000| PB 0x0000000704200000| Untracked 
|  30|0x0000000704400000, 0x0000000704400000, 0x0000000704600000|  0%| F|  |TAMS 0x0000000704400000| PB 0x0000000704400000| Untracked 
|  31|0x0000000704600000, 0x0000000704600000, 0x0000000704800000|  0%| F|  |TAMS 0x0000000704600000| PB 0x0000000704600000| Untracked 
|  32|0x0000000704800000, 0x0000000704800000, 0x0000000704a00000|  0%| F|  |TAMS 0x0000000704800000| PB 0x0000000704800000| Untracked 
|  33|0x0000000704a00000, 0x0000000704a00000, 0x0000000704c00000|  0%| F|  |TAMS 0x0000000704a00000| PB 0x0000000704a00000| Untracked 
|  34|0x0000000704c00000, 0x0000000704c00000, 0x0000000704e00000|  0%| F|  |TAMS 0x0000000704c00000| PB 0x0000000704c00000| Untracked 
|  35|0x0000000704e00000, 0x0000000704e00000, 0x0000000705000000|  0%| F|  |TAMS 0x0000000704e00000| PB 0x0000000704e00000| Untracked 
|  36|0x0000000705000000, 0x0000000705000000, 0x0000000705200000|  0%| F|  |TAMS 0x0000000705000000| PB 0x0000000705000000| Untracked 
|  37|0x0000000705200000, 0x0000000705200000, 0x0000000705400000|  0%| F|  |TAMS 0x0000000705200000| PB 0x0000000705200000| Untracked 
|  38|0x0000000705400000, 0x0000000705400000, 0x0000000705600000|  0%| F|  |TAMS 0x0000000705400000| PB 0x0000000705400000| Untracked 
|  39|0x0000000705600000, 0x0000000705600000, 0x0000000705800000|  0%| F|  |TAMS 0x0000000705600000| PB 0x0000000705600000| Untracked 
|  40|0x0000000705800000, 0x0000000705800000, 0x0000000705a00000|  0%| F|  |TAMS 0x0000000705800000| PB 0x0000000705800000| Untracked 
|  41|0x0000000705a00000, 0x0000000705a00000, 0x0000000705c00000|  0%| F|  |TAMS 0x0000000705a00000| PB 0x0000000705a00000| Untracked 
|  42|0x0000000705c00000, 0x0000000705c00000, 0x0000000705e00000|  0%| F|  |TAMS 0x0000000705c00000| PB 0x0000000705c00000| Untracked 
|  43|0x0000000705e00000, 0x0000000705e00000, 0x0000000706000000|  0%| F|  |TAMS 0x0000000705e00000| PB 0x0000000705e00000| Untracked 
|  44|0x0000000706000000, 0x0000000706000000, 0x0000000706200000|  0%| F|  |TAMS 0x0000000706000000| PB 0x0000000706000000| Untracked 
|  45|0x0000000706200000, 0x0000000706200000, 0x0000000706400000|  0%| F|  |TAMS 0x0000000706200000| PB 0x0000000706200000| Untracked 
|  46|0x0000000706400000, 0x0000000706400000, 0x0000000706600000|  0%| F|  |TAMS 0x0000000706400000| PB 0x0000000706400000| Untracked 
|  47|0x0000000706600000, 0x0000000706600000, 0x0000000706800000|  0%| F|  |TAMS 0x0000000706600000| PB 0x0000000706600000| Untracked 
|  48|0x0000000706800000, 0x0000000706800000, 0x0000000706a00000|  0%| F|  |TAMS 0x0000000706800000| PB 0x0000000706800000| Untracked 
|  49|0x0000000706a00000, 0x0000000706a00000, 0x0000000706c00000|  0%| F|  |TAMS 0x0000000706a00000| PB 0x0000000706a00000| Untracked 
|  50|0x0000000706c00000, 0x0000000706c00000, 0x0000000706e00000|  0%| F|  |TAMS 0x0000000706c00000| PB 0x0000000706c00000| Untracked 
|  51|0x0000000706e00000, 0x0000000706e00000, 0x0000000707000000|  0%| F|  |TAMS 0x0000000706e00000| PB 0x0000000706e00000| Untracked 
|  52|0x0000000707000000, 0x0000000707000000, 0x0000000707200000|  0%| F|  |TAMS 0x0000000707000000| PB 0x0000000707000000| Untracked 
|  53|0x0000000707200000, 0x0000000707200000, 0x0000000707400000|  0%| F|  |TAMS 0x0000000707200000| PB 0x0000000707200000| Untracked 
|  54|0x0000000707400000, 0x0000000707400000, 0x0000000707600000|  0%| F|  |TAMS 0x0000000707400000| PB 0x0000000707400000| Untracked 
|  55|0x0000000707600000, 0x0000000707600000, 0x0000000707800000|  0%| F|  |TAMS 0x0000000707600000| PB 0x0000000707600000| Untracked 
|  56|0x0000000707800000, 0x0000000707a00000, 0x0000000707a00000|100%| E|  |TAMS 0x0000000707800000| PB 0x0000000707800000| Complete 
|  57|0x0000000707a00000, 0x0000000707c00000, 0x0000000707c00000|100%| E|CS|TAMS 0x0000000707a00000| PB 0x0000000707a00000| Complete 
|  58|0x0000000707c00000, 0x0000000707e00000, 0x0000000707e00000|100%| E|CS|TAMS 0x0000000707c00000| PB 0x0000000707c00000| Complete 
|  59|0x0000000707e00000, 0x0000000708000000, 0x0000000708000000|100%| E|CS|TAMS 0x0000000707e00000| PB 0x0000000707e00000| Complete 
|  60|0x0000000708000000, 0x0000000708200000, 0x0000000708200000|100%| E|CS|TAMS 0x0000000708000000| PB 0x0000000708000000| Complete 
|  61|0x0000000708200000, 0x0000000708400000, 0x0000000708400000|100%| E|CS|TAMS 0x0000000708200000| PB 0x0000000708200000| Complete 
|  62|0x0000000708400000, 0x0000000708600000, 0x0000000708600000|100%| E|CS|TAMS 0x0000000708400000| PB 0x0000000708400000| Complete 
|  63|0x0000000708600000, 0x0000000708800000, 0x0000000708800000|100%| E|CS|TAMS 0x0000000708600000| PB 0x0000000708600000| Complete 
|  64|0x0000000708800000, 0x0000000708a00000, 0x0000000708a00000|100%| E|CS|TAMS 0x0000000708800000| PB 0x0000000708800000| Complete 
|  65|0x0000000708a00000, 0x0000000708c00000, 0x0000000708c00000|100%| E|CS|TAMS 0x0000000708a00000| PB 0x0000000708a00000| Complete 
|  66|0x0000000708c00000, 0x0000000708e00000, 0x0000000708e00000|100%| E|CS|TAMS 0x0000000708c00000| PB 0x0000000708c00000| Complete 
|  67|0x0000000708e00000, 0x0000000709000000, 0x0000000709000000|100%| E|CS|TAMS 0x0000000708e00000| PB 0x0000000708e00000| Complete 
|  68|0x0000000709000000, 0x0000000709200000, 0x0000000709200000|100%| E|CS|TAMS 0x0000000709000000| PB 0x0000000709000000| Complete 
|  69|0x0000000709200000, 0x0000000709400000, 0x0000000709400000|100%| E|CS|TAMS 0x0000000709200000| PB 0x0000000709200000| Complete 
|  70|0x0000000709400000, 0x0000000709600000, 0x0000000709600000|100%| E|CS|TAMS 0x0000000709400000| PB 0x0000000709400000| Complete 
|  71|0x0000000709600000, 0x0000000709800000, 0x0000000709800000|100%| E|CS|TAMS 0x0000000709600000| PB 0x0000000709600000| Complete 
|  72|0x0000000709800000, 0x0000000709a00000, 0x0000000709a00000|100%| E|CS|TAMS 0x0000000709800000| PB 0x0000000709800000| Complete 
|  73|0x0000000709a00000, 0x0000000709c00000, 0x0000000709c00000|100%| E|CS|TAMS 0x0000000709a00000| PB 0x0000000709a00000| Complete 
|  74|0x0000000709c00000, 0x0000000709e00000, 0x0000000709e00000|100%| E|CS|TAMS 0x0000000709c00000| PB 0x0000000709c00000| Complete 
|  75|0x0000000709e00000, 0x000000070a000000, 0x000000070a000000|100%| E|CS|TAMS 0x0000000709e00000| PB 0x0000000709e00000| Complete 
|  76|0x000000070a000000, 0x000000070a200000, 0x000000070a200000|100%| E|CS|TAMS 0x000000070a000000| PB 0x000000070a000000| Complete 
|  77|0x000000070a200000, 0x000000070a400000, 0x000000070a400000|100%| E|CS|TAMS 0x000000070a200000| PB 0x000000070a200000| Complete 
|  78|0x000000070a400000, 0x000000070a600000, 0x000000070a600000|100%| E|CS|TAMS 0x000000070a400000| PB 0x000000070a400000| Complete 
|  79|0x000000070a600000, 0x000000070a800000, 0x000000070a800000|100%| E|CS|TAMS 0x000000070a600000| PB 0x000000070a600000| Complete 
| 100|0x000000070d000000, 0x000000070d077738, 0x000000070d200000| 23%| S|CS|TAMS 0x000000070d000000| PB 0x000000070d000000| Complete 
| 101|0x000000070d200000, 0x000000070d400000, 0x000000070d400000|100%| S|CS|TAMS 0x000000070d200000| PB 0x000000070d200000| Complete 
| 102|0x000000070d400000, 0x000000070d600000, 0x000000070d600000|100%| S|CS|TAMS 0x000000070d400000| PB 0x000000070d400000| Complete 
| 127|0x0000000710600000, 0x0000000710800000, 0x0000000710800000|100%| E|CS|TAMS 0x0000000710600000| PB 0x0000000710600000| Complete 

Card table byte_map: [0x0000023677d30000,0x0000023678530000] _byte_map_base: 0x000002367452c000

Marking Bits: (CMBitMap*) 0x00000236603bdf50
 Bits: [0x0000023678d30000, 0x000002367cd10000)

Polling page: 0x000002365e4c0000

Metaspace:

Usage:
  Non-class:     23.21 MB used.
      Class:      2.96 MB used.
       Both:     26.17 MB used.

Virtual space:
  Non-class space:       64.00 MB reserved,      23.38 MB ( 37%) committed,  1 nodes.
      Class space:        1.00 GB reserved,       3.12 MB ( <1%) committed,  1 nodes.
             Both:        1.06 GB reserved,      26.50 MB (  2%) committed. 

Chunk freelists:
   Non-Class:  3.81 MB
       Class:  864.00 KB
        Both:  4.66 MB

MaxMetaspaceSize: unlimited
CompressedClassSpaceSize: 1.00 GB
Initial GC threshold: 21.00 MB
Current GC threshold: 36.19 MB
CDS: on
MetaspaceReclaimPolicy: balanced
 - commit_granule_bytes: 65536.
 - commit_granule_words: 8192.
 - virtual_space_node_default_size: 8388608.
 - enlarge_chunks_in_place: 1.
 - new_chunks_are_fully_committed: 0.
 - uncommit_free_chunks: 1.
 - use_allocation_guard: 0.


Internal statistics:

num_allocs_failed_limit: 9.
num_arena_births: 224.
num_arena_deaths: 0.
num_vsnodes_births: 2.
num_vsnodes_deaths: 0.
num_space_committed: 424.
num_space_uncommitted: 0.
num_chunks_returned_to_freelist: 9.
num_chunks_taken_from_freelist: 1143.
num_chunk_merges: 6.
num_chunk_splits: 842.
num_chunks_enlarged: 687.
num_inconsistent_stats: 0.

CodeHeap 'non-profiled nmethods': size=120000Kb used=2752Kb max_used=2752Kb free=117247Kb
 bounds [0x000002366fef0000, 0x00000236701b0000, 0x0000023677420000]
CodeHeap 'profiled nmethods': size=120000Kb used=11614Kb max_used=11614Kb free=108385Kb
 bounds [0x0000023668420000, 0x0000023668f80000, 0x000002366f950000]
CodeHeap 'non-nmethods': size=5760Kb used=1506Kb max_used=1550Kb free=4253Kb
 bounds [0x000002366f950000, 0x000002366fbc0000, 0x000002366fef0000]
 total_blobs=6559 nmethods=6030 adapters=439
 compilation: enabled
              stopped_count=0, restarted_count=0
 full_count=0

Compilation events (20 events):
Event: 3.404 Thread 0x000002367f565550 6041       2       org.eclipse.aether.internal.impl.synccontext.named.NamedLockFactoryAdapter$AdaptedLockSyncContext::getRetryWait (17 bytes)
Event: 3.404 Thread 0x000002367f565550 nmethod 6041 0x0000023668f6e210 code [0x0000023668f6e3c0, 0x0000023668f6e6b8]
Event: 3.404 Thread 0x000002367f565550 6042       2       org.eclipse.aether.internal.impl.DefaultArtifactResolver::artifactResolving (42 bytes)
Event: 3.404 Thread 0x000002367f565550 nmethod 6042 0x0000023668f6e810 code [0x0000023668f6e9c0, 0x0000023668f6ed50]
Event: 3.406 Thread 0x000002367f565550 6043       2       org.eclipse.aether.internal.impl.DefaultArtifactResolver::isLocallyInstalled (54 bytes)
Event: 3.406 Thread 0x000002367f565550 nmethod 6043 0x0000023668f6ef10 code [0x0000023668f6f0c0, 0x0000023668f6f320]
Event: 3.406 Thread 0x000002367f565550 6044   !   2       org.eclipse.aether.internal.impl.DefaultArtifactResolver::getFile (163 bytes)
Event: 3.408 Thread 0x000002367f565550 nmethod 6044 0x0000023668f6f410 code [0x0000023668f6f700, 0x0000023668f701d0]
Event: 3.408 Thread 0x000002367f565550 6045       2       org.eclipse.aether.artifact.AbstractArtifact::isSnapshot (8 bytes)
Event: 3.408 Thread 0x000002367f565550 nmethod 6045 0x0000023668f70a10 code [0x0000023668f70bc0, 0x0000023668f70db0]
Event: 3.408 Thread 0x000002367f565550 6046       2       org.eclipse.aether.artifact.AbstractArtifact::isSnapshot (28 bytes)
Event: 3.408 Thread 0x000002367f565550 nmethod 6046 0x0000023668f70f90 code [0x0000023668f71140, 0x0000023668f71310]
Event: 3.408 Thread 0x000002367f565550 6047       2       org.eclipse.aether.internal.impl.DefaultArtifactResolver::artifactResolved (74 bytes)
Event: 3.408 Thread 0x000002367f565550 nmethod 6047 0x0000023668f71490 code [0x0000023668f71660, 0x0000023668f71c20]
Event: 3.409 Thread 0x000002367f565550 6049       2       org.apache.maven.model.merge.ModelMerger::mergeCiManagement_System (43 bytes)
Event: 3.409 Thread 0x000002367f565550 nmethod 6049 0x0000023668f71e90 code [0x0000023668f72040, 0x0000023668f72250]
Event: 3.409 Thread 0x000002367f565550 6050       2       org.apache.maven.model.merge.ModelMerger::mergeCiManagement_Url (41 bytes)
Event: 3.409 Thread 0x000002367f565550 nmethod 6050 0x0000023668f72390 code [0x0000023668f72540, 0x0000023668f72750]
Event: 3.409 Thread 0x000002367f565550 6051       2       org.eclipse.aether.repository.LocalArtifactRequest::<init> (36 bytes)
Event: 3.409 Thread 0x000002367f565550 nmethod 6051 0x0000023668f72890 code [0x0000023668f72a40, 0x0000023668f72e10]

GC Heap History (10 events):
Event: 0.470 GC heap before
{Heap before GC invocations=0 (full 0):
 garbage-first heap   total 262144K, used 20480K [0x0000000700800000, 0x0000000800000000)
  region size 2048K, 10 young (20480K), 0 survivors (0K)
 Metaspace       used 5589K, committed 5824K, reserved 1114112K
  class space    used 641K, committed 768K, reserved 1048576K
}
Event: 0.474 GC heap after
{Heap after GC invocations=1 (full 0):
 garbage-first heap   total 262144K, used 3899K [0x0000000700800000, 0x0000000800000000)
  region size 2048K, 2 young (4096K), 2 survivors (4096K)
 Metaspace       used 5589K, committed 5824K, reserved 1114112K
  class space    used 641K, committed 768K, reserved 1048576K
}
Event: 0.808 GC heap before
{Heap before GC invocations=1 (full 0):
 garbage-first heap   total 262144K, used 30523K [0x0000000700800000, 0x0000000800000000)
  region size 2048K, 15 young (30720K), 2 survivors (4096K)
 Metaspace       used 9201K, committed 9408K, reserved 1114112K
  class space    used 1079K, committed 1152K, reserved 1048576K
}
Event: 0.811 GC heap after
{Heap after GC invocations=2 (full 0):
 garbage-first heap   total 262144K, used 5167K [0x0000000700800000, 0x0000000800000000)
  region size 2048K, 1 young (2048K), 1 survivors (2048K)
 Metaspace       used 9201K, committed 9408K, reserved 1114112K
  class space    used 1079K, committed 1152K, reserved 1048576K
}
Event: 1.945 GC heap before
{Heap before GC invocations=2 (full 0):
 garbage-first heap   total 262144K, used 158767K [0x0000000700800000, 0x0000000800000000)
  region size 2048K, 76 young (155648K), 1 survivors (2048K)
 Metaspace       used 15999K, committed 16256K, reserved 1114112K
  class space    used 1819K, committed 1920K, reserved 1048576K
}
Event: 1.957 GC heap after
{Heap after GC invocations=3 (full 0):
 garbage-first heap   total 262144K, used 26624K [0x0000000700800000, 0x0000000800000000)
  region size 2048K, 10 young (20480K), 10 survivors (20480K)
 Metaspace       used 15999K, committed 16256K, reserved 1114112K
  class space    used 1819K, committed 1920K, reserved 1048576K
}
Event: 2.286 GC heap before
{Heap before GC invocations=3 (full 0):
 garbage-first heap   total 262144K, used 120832K [0x0000000700800000, 0x0000000800000000)
  region size 2048K, 56 young (114688K), 10 survivors (20480K)
 Metaspace       used 16736K, committed 16960K, reserved 1114112K
  class space    used 1890K, committed 1984K, reserved 1048576K
}
Event: 2.299 GC heap after
{Heap after GC invocations=4 (full 0):
 garbage-first heap   total 262144K, used 42442K [0x0000000700800000, 0x0000000800000000)
  region size 2048K, 7 young (14336K), 7 survivors (14336K)
 Metaspace       used 16736K, committed 16960K, reserved 1114112K
  class space    used 1890K, committed 1984K, reserved 1048576K
}
Event: 2.820 GC heap before
{Heap before GC invocations=4 (full 0):
 garbage-first heap   total 262144K, used 91594K [0x0000000700800000, 0x0000000800000000)
  region size 2048K, 32 young (65536K), 7 survivors (14336K)
 Metaspace       used 21225K, committed 21504K, reserved 1114112K
  class space    used 2418K, committed 2560K, reserved 1048576K
}
Event: 2.827 GC heap after
{Heap after GC invocations=5 (full 0):
 garbage-first heap   total 262144K, used 47581K [0x0000000700800000, 0x0000000800000000)
  region size 2048K, 3 young (6144K), 3 survivors (6144K)
 Metaspace       used 21225K, committed 21504K, reserved 1114112K
  class space    used 2418K, committed 2560K, reserved 1048576K
}

Dll operation events (8 events):
Event: 0.007 Loaded shared library C:\Program Files\Java\jdk-20\bin\java.dll
Event: 0.021 Loaded shared library C:\Program Files\Java\jdk-20\bin\jsvml.dll
Event: 0.044 Loaded shared library C:\Program Files\Java\jdk-20\bin\net.dll
Event: 0.045 Loaded shared library C:\Program Files\Java\jdk-20\bin\nio.dll
Event: 0.048 Loaded shared library C:\Program Files\Java\jdk-20\bin\zip.dll
Event: 0.134 Loaded shared library C:\Program Files\Java\jdk-20\bin\jimage.dll
Event: 0.139 Loaded shared library C:\Program Files\Java\apache-maven-3.9.4\lib\jansi-native\Windows\x86_64\jansi.dll
Event: 0.150 Loaded shared library C:\Program Files\Java\jdk-20\bin\verify.dll

Deoptimization events (20 events):
Event: 3.218 Thread 0x000002365e23e5d0 DEOPT PACKING pc=0x000002366870231c sp=0x0000004e3d0fd1c0
Event: 3.218 Thread 0x000002365e23e5d0 DEOPT UNPACKING pc=0x000002366f9ba4c2 sp=0x0000004e3d0fc6b0 mode 0
Event: 3.239 Thread 0x000002365e23e5d0 DEOPT PACKING pc=0x0000023668eb36c6 sp=0x0000004e3d0fccd0
Event: 3.239 Thread 0x000002365e23e5d0 DEOPT UNPACKING pc=0x000002366f9ba4c2 sp=0x0000004e3d0fc1c0 mode 0
Event: 3.260 Thread 0x000002365e23e5d0 Uncommon trap: trap_request=0xffffff45 fr.pc=0x000002367013bd9c relative=0x000000000000051c
Event: 3.260 Thread 0x000002365e23e5d0 Uncommon trap: reason=unstable_if action=reinterpret pc=0x000002367013bd9c method=sun.nio.fs.WindowsPathParser.nextNonSlash(Ljava/lang/String;II)I @ 2 c2
Event: 3.260 Thread 0x000002365e23e5d0 DEOPT PACKING pc=0x000002367013bd9c sp=0x0000004e3d0fcbd0
Event: 3.260 Thread 0x000002365e23e5d0 DEOPT UNPACKING pc=0x000002366f9b9d22 sp=0x0000004e3d0fcb60 mode 2
Event: 3.362 Thread 0x000002365e23e5d0 Uncommon trap: trap_request=0xffffffc6 fr.pc=0x00000236700463a0 relative=0x00000000000004c0
Event: 3.362 Thread 0x000002365e23e5d0 Uncommon trap: reason=bimorphic_or_optimized_type_check action=maybe_recompile pc=0x00000236700463a0 method=java.util.HashMap.putVal(ILjava/lang/Object;Ljava/lang/Object;ZZ)Ljava/lang/Object; @ 253 c2
Event: 3.362 Thread 0x000002365e23e5d0 DEOPT PACKING pc=0x00000236700463a0 sp=0x0000004e3d0fdb90
Event: 3.362 Thread 0x000002365e23e5d0 DEOPT UNPACKING pc=0x000002366f9b9d22 sp=0x0000004e3d0fdab8 mode 2
Event: 3.363 Thread 0x000002365e23e5d0 Uncommon trap: trap_request=0xffffffc6 fr.pc=0x00000236700463a0 relative=0x00000000000004c0
Event: 3.363 Thread 0x000002365e23e5d0 Uncommon trap: reason=bimorphic_or_optimized_type_check action=maybe_recompile pc=0x00000236700463a0 method=java.util.HashMap.putVal(ILjava/lang/Object;Ljava/lang/Object;ZZ)Ljava/lang/Object; @ 253 c2
Event: 3.363 Thread 0x000002365e23e5d0 DEOPT PACKING pc=0x00000236700463a0 sp=0x0000004e3d0fdb80
Event: 3.363 Thread 0x000002365e23e5d0 DEOPT UNPACKING pc=0x000002366f9b9d22 sp=0x0000004e3d0fdaa8 mode 2
Event: 3.363 Thread 0x000002365e23e5d0 Uncommon trap: trap_request=0xffffffc6 fr.pc=0x0000023670018a48 relative=0x0000000000000468
Event: 3.363 Thread 0x000002365e23e5d0 Uncommon trap: reason=bimorphic_or_optimized_type_check action=maybe_recompile pc=0x0000023670018a48 method=java.util.HashMap.putVal(ILjava/lang/Object;Ljava/lang/Object;ZZ)Ljava/lang/Object; @ 253 c2
Event: 3.363 Thread 0x000002365e23e5d0 DEOPT PACKING pc=0x0000023670018a48 sp=0x0000004e3d0fdae0
Event: 3.363 Thread 0x000002365e23e5d0 DEOPT UNPACKING pc=0x000002366f9b9d22 sp=0x0000004e3d0fdaa0 mode 2

Classes loaded (20 events):
Event: 3.241 Loading class java/nio/file/FileTreeWalker$1
Event: 3.241 Loading class java/nio/file/FileTreeWalker$1 done
Event: 3.369 Loading class java/util/function/ToIntBiFunction
Event: 3.369 Loading class java/util/function/ToIntBiFunction done
Event: 3.373 Loading class java/nio/file/Path$1
Event: 3.374 Loading class java/nio/file/Path$1 done
Event: 3.374 Loading class sun/nio/ch/ChannelOutputStream
Event: 3.374 Loading class sun/nio/ch/ChannelOutputStream done
Event: 3.376 Loading class java/util/EnumMap$Values
Event: 3.376 Loading class java/util/EnumMap$Values done
Event: 3.376 Loading class java/util/EnumMap$ValueIterator
Event: 3.376 Loading class java/util/EnumMap$EnumMapIterator
Event: 3.376 Loading class java/util/EnumMap$EnumMapIterator done
Event: 3.376 Loading class java/util/EnumMap$ValueIterator done
Event: 3.377 Loading class java/util/WeakHashMap$KeyIterator
Event: 3.377 Loading class java/util/WeakHashMap$HashIterator
Event: 3.377 Loading class java/util/WeakHashMap$HashIterator done
Event: 3.377 Loading class java/util/WeakHashMap$KeyIterator done
Event: 3.379 Loading class java/io/FileOutputStream$1
Event: 3.379 Loading class java/io/FileOutputStream$1 done

Classes unloaded (0 events):
No events

Classes redefined (0 events):
No events

Internal exceptions (20 events):
Event: 3.303 Thread 0x000002365e23e5d0 Exception <a 'sun/nio/fs/WindowsException'{0x0000000708dc2c98}> (0x0000000708dc2c98) 
thrown [s\open\src\hotspot\share\prims\jni.cpp, line 519]
Event: 3.303 Thread 0x000002365e23e5d0 Exception <a 'sun/nio/fs/WindowsException'{0x0000000708dc3568}> (0x0000000708dc3568) 
thrown [s\open\src\hotspot\share\prims\jni.cpp, line 519]
Event: 3.303 Thread 0x000002365e23e5d0 Exception <a 'sun/nio/fs/WindowsException'{0x0000000708dc4028}> (0x0000000708dc4028) 
thrown [s\open\src\hotspot\share\prims\jni.cpp, line 519]
Event: 3.303 Thread 0x000002365e23e5d0 Exception <a 'sun/nio/fs/WindowsException'{0x0000000708dc49c8}> (0x0000000708dc49c8) 
thrown [s\open\src\hotspot\share\prims\jni.cpp, line 519]
Event: 3.323 Thread 0x000002365e23e5d0 Exception <a 'sun/nio/fs/WindowsException'{0x00000007086e64d8}> (0x00000007086e64d8) 
thrown [s\open\src\hotspot\share\prims\jni.cpp, line 519]
Event: 3.323 Thread 0x000002365e23e5d0 Exception <a 'sun/nio/fs/WindowsException'{0x00000007086e7070}> (0x00000007086e7070) 
thrown [s\open\src\hotspot\share\prims\jni.cpp, line 519]
Event: 3.323 Thread 0x000002365e23e5d0 Exception <a 'sun/nio/fs/WindowsException'{0x00000007086e7e08}> (0x00000007086e7e08) 
thrown [s\open\src\hotspot\share\prims\jni.cpp, line 519]
Event: 3.323 Thread 0x000002365e23e5d0 Exception <a 'sun/nio/fs/WindowsException'{0x00000007086e8a70}> (0x00000007086e8a70) 
thrown [s\open\src\hotspot\share\prims\jni.cpp, line 519]
Event: 3.337 Thread 0x000002365e23e5d0 Exception <a 'sun/nio/fs/WindowsException'{0x00000007087f7f68}> (0x00000007087f7f68) 
thrown [s\open\src\hotspot\share\prims\jni.cpp, line 519]
Event: 3.337 Thread 0x000002365e23e5d0 Exception <a 'sun/nio/fs/WindowsException'{0x00000007087f8da8}> (0x00000007087f8da8) 
thrown [s\open\src\hotspot\share\prims\jni.cpp, line 519]
Event: 3.337 Thread 0x000002365e23e5d0 Exception <a 'sun/nio/fs/WindowsException'{0x00000007087f9de0}> (0x00000007087f9de0) 
thrown [s\open\src\hotspot\share\prims\jni.cpp, line 519]
Event: 3.337 Thread 0x000002365e23e5d0 Exception <a 'sun/nio/fs/WindowsException'{0x00000007087facf0}> (0x00000007087facf0) 
thrown [s\open\src\hotspot\share\prims\jni.cpp, line 519]
Event: 3.344 Thread 0x000002365e23e5d0 Exception <a 'sun/nio/fs/WindowsException'{0x0000000708442070}> (0x0000000708442070) 
thrown [s\open\src\hotspot\share\prims\jni.cpp, line 519]
Event: 3.344 Thread 0x000002365e23e5d0 Exception <a 'sun/nio/fs/WindowsException'{0x0000000708449cd0}> (0x0000000708449cd0) 
thrown [s\open\src\hotspot\share\prims\jni.cpp, line 519]
Event: 3.344 Thread 0x000002365e23e5d0 Exception <a 'sun/nio/fs/WindowsException'{0x00000007084589c0}> (0x00000007084589c0) 
thrown [s\open\src\hotspot\share\prims\jni.cpp, line 519]
Event: 3.344 Thread 0x000002365e23e5d0 Exception <a 'sun/nio/fs/WindowsException'{0x0000000708459bd0}> (0x0000000708459bd0) 
thrown [s\open\src\hotspot\share\prims\jni.cpp, line 519]
Event: 3.373 Thread 0x000002365e23e5d0 Exception <a 'sun/nio/fs/WindowsException'{0x00000007084e3a80}> (0x00000007084e3a80) 
thrown [s\open\src\hotspot\share\prims\jni.cpp, line 519]
Event: 3.373 Thread 0x000002365e23e5d0 Exception <a 'sun/nio/fs/WindowsException'{0x00000007084e41a0}> (0x00000007084e41a0) 
thrown [s\open\src\hotspot\share\prims\jni.cpp, line 519]
Event: 3.373 Thread 0x000002365e23e5d0 Exception <a 'sun/nio/fs/WindowsException'{0x00000007084e48c8}> (0x00000007084e48c8) 
thrown [s\open\src\hotspot\share\prims\jni.cpp, line 519]
Event: 3.373 Thread 0x000002365e23e5d0 Exception <a 'sun/nio/fs/WindowsException'{0x00000007084e4fc8}> (0x00000007084e4fc8) 
thrown [s\open\src\hotspot\share\prims\jni.cpp, line 519]

VM Operations (20 events):
Event: 2.918 Executing VM operation: HandshakeAllThreads
Event: 2.918 Executing VM operation: HandshakeAllThreads done
Event: 2.918 Executing VM operation: HandshakeAllThreads
Event: 2.918 Executing VM operation: HandshakeAllThreads done
Event: 2.978 Executing VM operation: HandshakeAllThreads
Event: 2.978 Executing VM operation: HandshakeAllThreads done
Event: 2.979 Executing VM operation: HandshakeAllThreads
Event: 2.979 Executing VM operation: HandshakeAllThreads done
Event: 3.010 Executing VM operation: HandshakeAllThreads
Event: 3.010 Executing VM operation: HandshakeAllThreads done
Event: 3.016 Executing VM operation: HandshakeAllThreads
Event: 3.016 Executing VM operation: HandshakeAllThreads done
Event: 3.216 Executing VM operation: HandshakeAllThreads
Event: 3.216 Executing VM operation: HandshakeAllThreads done
Event: 3.218 Executing VM operation: HandshakeAllThreads
Event: 3.218 Executing VM operation: HandshakeAllThreads done
Event: 3.219 Executing VM operation: HandshakeAllThreads
Event: 3.219 Executing VM operation: HandshakeAllThreads done
Event: 3.293 Executing VM operation: ICBufferFull
Event: 3.293 Executing VM operation: ICBufferFull done

Events (12 events):
Event: 0.021 Thread 0x000002365e23e5d0 Thread added: 0x000002365e23e5d0
Event: 0.030 Thread 0x000002367f534e20 Thread added: 0x000002367f534e20
Event: 0.030 Thread 0x000002367f535960 Thread added: 0x000002367f535960
Event: 0.030 Thread 0x000002367f538f90 Thread added: 0x000002367f538f90
Event: 0.030 Thread 0x000002367f53eb30 Thread added: 0x000002367f53eb30
Event: 0.030 Thread 0x000002367f540c20 Thread added: 0x000002367f540c20
Event: 0.030 Thread 0x000002367f541700 Thread added: 0x000002367f541700
Event: 0.030 Thread 0x000002367f544020 Thread added: 0x000002367f544020
Event: 0.030 Thread 0x000002367f565550 Thread added: 0x000002367f565550
Event: 0.040 Thread 0x000002367f7d1360 Thread added: 0x000002367f7d1360
Event: 0.041 Thread 0x000002367f7f25e0 Thread added: 0x000002367f7f25e0
Event: 0.283 Thread 0x0000023645598b50 Thread added: 0x0000023645598b50


Dynamic libraries:
0x00007ff7ee6e0000 - 0x00007ff7ee6f0000 	C:\Program Files\Java\jdk-20\bin\java.exe
0x00007ffc55390000 - 0x00007ffc555a4000 	C:\Windows\SYSTEM32\ntdll.dll
0x00007ffc54590000 - 0x00007ffc54654000 	C:\Windows\System32\KERNEL32.DLL
0x00007ffc52da0000 - 0x00007ffc53144000 	C:\Windows\System32\KERNELBASE.dll
0x00007ffc52bc0000 - 0x00007ffc52cd1000 	C:\Windows\System32\ucrtbase.dll
0x00007ffc11dd0000 - 0x00007ffc11deb000 	C:\Program Files\Java\jdk-20\bin\VCRUNTIME140.dll
0x00007ffc11910000 - 0x00007ffc11929000 	C:\Program Files\Java\jdk-20\bin\jli.dll
0x00007ffc542a0000 - 0x00007ffc54350000 	C:\Windows\System32\ADVAPI32.dll
0x00007ffc552a0000 - 0x00007ffc55347000 	C:\Windows\System32\msvcrt.dll
0x00007ffc54350000 - 0x00007ffc543f6000 	C:\Windows\System32\sechost.dll
0x00007ffc54470000 - 0x00007ffc54587000 	C:\Windows\System32\RPCRT4.dll
0x00007ffc537d0000 - 0x00007ffc5397a000 	C:\Windows\System32\USER32.dll
0x00007ffc52b90000 - 0x00007ffc52bb6000 	C:\Windows\System32\win32u.dll
0x00007ffc546a0000 - 0x00007ffc546c9000 	C:\Windows\System32\GDI32.dll
0x00007ffc348e0000 - 0x00007ffc34b6f000 	C:\Windows\WinSxS\amd64_microsoft.windows.common-controls_6595b64144ccf1df_6.0.22621.2070_none_2713e6537381f706\COMCTL32.dll
0x00007ffc52890000 - 0x00007ffc529a9000 	C:\Windows\System32\gdi32full.dll
0x00007ffc52770000 - 0x00007ffc5280a000 	C:\Windows\System32\msvcp_win.dll
0x00007ffc490c0000 - 0x00007ffc490ca000 	C:\Windows\SYSTEM32\VERSION.dll
0x00007ffc54660000 - 0x00007ffc54691000 	C:\Windows\System32\IMM32.DLL
0x00007ffc26ec0000 - 0x00007ffc26ecc000 	C:\Program Files\Java\jdk-20\bin\vcruntime140_1.dll
0x00007ffbe4410000 - 0x00007ffbe449e000 	C:\Program Files\Java\jdk-20\bin\msvcp140.dll
0x00007ffbc1c20000 - 0x00007ffbc28b8000 	C:\Program Files\Java\jdk-20\bin\server\jvm.dll
0x00007ffc4c290000 - 0x00007ffc4c2c4000 	C:\Windows\SYSTEM32\WINMM.dll
0x00007ffc4fa20000 - 0x00007ffc4fa29000 	C:\Windows\SYSTEM32\WSOCK32.dll
0x00007ffc55210000 - 0x00007ffc55281000 	C:\Windows\System32\WS2_32.dll
0x00007ffc51810000 - 0x00007ffc51828000 	C:\Windows\SYSTEM32\kernel.appcore.dll
0x00007ffc22820000 - 0x00007ffc2282a000 	C:\Program Files\Java\jdk-20\bin\jimage.dll
0x00007ffc43d20000 - 0x00007ffc43f4e000 	C:\Windows\SYSTEM32\DBGHELP.DLL
0x00007ffc54d00000 - 0x00007ffc5508a000 	C:\Windows\System32\combase.dll
0x00007ffc53980000 - 0x00007ffc53a57000 	C:\Windows\System32\OLEAUT32.dll
0x00007ffc37b20000 - 0x00007ffc37b52000 	C:\Windows\SYSTEM32\dbgcore.DLL
0x00007ffc52810000 - 0x00007ffc5288a000 	C:\Windows\System32\bcryptPrimitives.dll
0x00007ffc11390000 - 0x00007ffc113b6000 	C:\Program Files\Java\jdk-20\bin\java.dll
0x00007ffbc1b40000 - 0x00007ffbc1c17000 	C:\Program Files\Java\jdk-20\bin\jsvml.dll
0x00007ffc53a60000 - 0x00007ffc54276000 	C:\Windows\System32\SHELL32.dll
0x00007ffc50700000 - 0x00007ffc50fea000 	C:\Windows\SYSTEM32\windows.storage.dll
0x00007ffc505c0000 - 0x00007ffc506fe000 	C:\Windows\SYSTEM32\wintypes.dll
0x00007ffc55110000 - 0x00007ffc55203000 	C:\Windows\System32\SHCORE.dll
0x00007ffc54400000 - 0x00007ffc5445e000 	C:\Windows\System32\shlwapi.dll
0x00007ffc526a0000 - 0x00007ffc526c6000 	C:\Windows\SYSTEM32\profapi.dll
0x00007ffc11480000 - 0x00007ffc11493000 	C:\Program Files\Java\jdk-20\bin\net.dll
0x00007ffc4cae0000 - 0x00007ffc4cc17000 	C:\Windows\SYSTEM32\WINHTTP.dll
0x00007ffc51cd0000 - 0x00007ffc51d39000 	C:\Windows\system32\mswsock.dll
0x00007ffc11260000 - 0x00007ffc11276000 	C:\Program Files\Java\jdk-20\bin\nio.dll
0x00007ffc110c0000 - 0x00007ffc110d8000 	C:\Program Files\Java\jdk-20\bin\zip.dll
0x0000000069ac0000 - 0x0000000069ae4000 	C:\Program Files\Java\apache-maven-3.9.4\lib\jansi-native\Windows\x86_64\jansi.dll
0x00007ffc1afe0000 - 0x00007ffc1aff0000 	C:\Program Files\Java\jdk-20\bin\verify.dll
0x00007ffc51880000 - 0x00007ffc518b4000 	C:\Windows\SYSTEM32\ntmarta.dll

dbghelp: loaded successfully - version: 4.0.5 - missing functions: none
symbol engine: initialized successfully - sym options: 0x614 - pdb path: .;C:\Program Files\Java\jdk-20\bin;C:\Windows\SYSTEM32;C:\Windows\WinSxS\amd64_microsoft.windows.common-controls_6595b64144ccf1df_6.0.22621.2070_none_2713e6537381f706;C:\Program Files\Java\jdk-20\bin\server;C:\Program Files\Java\apache-maven-3.9.4\lib\jansi-native\Windows\x86_64

VM Arguments:
jvm_args: -Dclassworlds.conf=C:\Program Files\Java\apache-maven-3.9.4\bin\m2.conf -Dmaven.home=C:\Program Files\Java\apache-maven-3.9.4 -Dlibrary.jansi.path=C:\Program Files\Java\apache-maven-3.9.4\lib\jansi-native -Dmaven.multiModuleProjectDirectory=C:\Users\juanm\Documents\TFG\jbpm-workitems-rest 
java_command: org.codehaus.plexus.classworlds.launcher.Launcher clean package
java_class_path (initial): C:\Program Files\Java\apache-maven-3.9.4\boot\plexus-classworlds-2.7.0.jar
Launcher Type: SUN_STANDARD

[Global flags]
     intx CICompilerCount                          = 3                                         {product} {ergonomic}
     uint ConcGCThreads                            = 2                                         {product} {ergonomic}
     uint G1ConcRefinementThreads                  = 6                                         {product} {ergonomic}
   size_t G1HeapRegionSize                         = 2097152                                   {product} {ergonomic}
    uintx GCDrainStackTargetSize                   = 64                                        {product} {ergonomic}
   size_t InitialHeapSize                          = 268435456                                 {product} {ergonomic}
   size_t MarkStackSize                            = 4194304                                   {product} {ergonomic}
   size_t MaxHeapSize                              = 4286578688                                {product} {ergonomic}
   size_t MaxNewSize                               = 2571108352                                {product} {ergonomic}
   size_t MinHeapDeltaBytes                        = 2097152                                   {product} {ergonomic}
   size_t MinHeapSize                              = 8388608                                   {product} {ergonomic}
    uintx NonNMethodCodeHeapSize                   = 5832780                                {pd product} {ergonomic}
    uintx NonProfiledCodeHeapSize                  = 122912730                              {pd product} {ergonomic}
    uintx ProfiledCodeHeapSize                     = 122912730                              {pd product} {ergonomic}
    uintx ReservedCodeCacheSize                    = 251658240                              {pd product} {ergonomic}
     bool SegmentedCodeCache                       = true                                      {product} {ergonomic}
   size_t SoftMaxHeapSize                          = 4286578688                             {manageable} {ergonomic}
     bool UseCompressedClassPointers               = true                           {product lp64_product} {ergonomic}
     bool UseCompressedOops                        = true                           {product lp64_product} {ergonomic}
     bool UseG1GC                                  = true                                      {product} {ergonomic}
     bool UseLargePagesIndividualAllocation        = false                                  {pd product} {ergonomic}

Logging:
Log output configuration:
 #0: stdout all=warning uptime,level,tags foldmultilines=false
 #1: stderr all=off uptime,level,tags foldmultilines=false

Environment Variables:
JAVA_HOME=C:\Program Files\Java\jdk-20
PATH=C:\Program Files\Common Files\Oracle\Java\javapath;C:\Program Files (x86)\Common Files\Oracle\Java\javapath;C:\Program Files\NVIDIA GPU Computing Toolkit\CUDA\v12.2\bin;C:\Program Files\NVIDIA GPU Computing Toolkit\CUDA\v12.2\libnvvp;C:\Program Files (x86)\VMware\VMware Player\bin\;C:\Windows\system32;C:\Windows;C:\Windows\System32\Wbem;C:\Windows\System32\WindowsPowerShell\v1.0\;C:\Windows\System32\OpenSSH\;C:\Program Files (x86)\NVIDIA Corporation\PhysX\Common;C:\Program Files\NVIDIA Corporation\NVIDIA NvDLISR;C:\Program Files\dotnet\;C:\Program Files\NVIDIA Corporation\Nsight Compute 2023.2.1\;C:\Program Files\Git\cmd;C:\Program Files\Java\apache-maven-3.9.4\bin;C:\Program Files\Java\jdk-20\bin;C:\Program Files\Docker\Docker\resources\bin;C:\Program Files\NVIDIA GPU Computing Toolkit\CUDA\v12.2\bin;C:\Program Files\NVIDIA GPU Computing Toolkit\CUDA\v12.2\libnvvp;C:\Program Files (x86)\VMware\VMware Player\bin\;C:\Program Files (x86)\Common Files\Oracle\Java\javapath;C:\Windows\system32;C:\Windows;C:\Windows\System32\Wbem;C:\Windows\System32\WindowsPowerShell\v1.0\;C:\Windows\System32\OpenSSH\;C:\Program Files (x86)\NVIDIA Corporation\PhysX\Common;C:\Program Files\NVIDIA Corporation\NVIDIA NvDLISR;C:\Program Files\dotnet\;C:\Program Files\NVIDIA Corporation\Nsight Compute 2023.2.1\;C:\Program Files\Git\cmd;C:\Users\juanm\AppData\Local\Microsoft\WindowsApps;C:\Users\juanm\.dotnet\tools;C:\Users\juanm\AppData\Local\Programs\Microsoft VS Code\bin;C:\Program Files\Java\apache-maven-3.9.4\bin;C:\Program Files\Java\jdk-20\bin;
USERNAME=juanm
OS=Windows_NT
PROCESSOR_IDENTIFIER=Intel64 Family 6 Model 158 Stepping 10, GenuineIntel
TMP=C:\Users\juanm\AppData\Local\Temp
TEMP=C:\Users\juanm\AppData\Local\Temp




---------------  S Y S T E M  ---------------

OS:
 Windows 11 , 64 bit Build 22621 (10.0.22621.2070)
OS uptime: 0 days 1:30 hours
Hyper-V role detected

CPU: total 6 (initial active 6) (6 cores per cpu, 1 threads per core) family 6 model 158 stepping 10 microcode 0xde, cx8, cmov, fxsr, mmx, 3dnowpref, sse, sse2, sse3, ssse3, sse4.1, sse4.2, popcnt, lzcnt, tsc, tscinvbit, avx, avx2, aes, erms, clmul, bmi1, bmi2, rtm, adx, fma, vzeroupper, clflush, clflushopt, hv, rdtscp, f16c

Memory: 4k page, system-wide physical 16347M (1852M free)
TotalPageFile size 25335M (AvailPageFile size 3255M)
current process WorkingSet (physical memory assigned to process): 282M, peak: 332M
current process commit charge ("private bytes"): 354M, peak: 412M

vm_info: Java HotSpot(TM) 64-Bit Server VM (20.0.2+9-78) for windows-amd64 JRE (20.0.2+9-78), built on 2023-06-14T10:08:48Z by "mach5one" with MS VC++ 17.1 (VS2022)

END.
